<?xml version="1.0" encoding="UTF-8"?>
<testsuite name="cisummarizer.PmdProblemCollectorTest" tests="3" skipped="0" failures="0" errors="0" timestamp="2020-08-12T23:15:00" hostname="LAPTOP-631HSM73" time="0.027">
  <properties/>
  <testcase name="it_should_have_no_problems_and_no_errors_when_given_a_path_to_pmd_result_with_no_errors()" classname="cisummarizer.PmdProblemCollectorTest" time="0.005"/>
  <testcase name="it_should_return_multiple_unique_ordered_no_errors_when_given_path_to_pmd_result_with_multiple_errors()" classname="cisummarizer.PmdProblemCollectorTest" time="0.011"/>
  <testcase name="it_should_have_one_problem_and_no_errors_when_given_a_path_to_pmd_result_with_one_error()" classname="cisummarizer.PmdProblemCollectorTest" time="0.007"/>
  <system-out><![CDATA[]]></system-out>
  <system-err><![CDATA[]]></system-err>
</testsuite>
