<?xml version="1.0" encoding="UTF-8"?>
<testsuite name="cisummarizer.JunitProblemCollectorTest" tests="5" skipped="0" failures="0" errors="0" timestamp="2020-08-12T23:15:00" hostname="LAPTOP-631HSM73" time="0.018">
  <properties/>
  <testcase name="it_should_have_one_problem_and_no_errors_when_given_a_path_to_junit_result_with_one_error()" classname="cisummarizer.JunitProblemCollectorTest" time="0.003"/>
  <testcase name="it_should_have_no_problems_and_no_errors_when_given_a_path_to_junit_result_with_no_errors()" classname="cisummarizer.JunitProblemCollectorTest" time="0.006"/>
  <testcase name="it_should_have_two_problems_and_no_errors_when_given_a_path_to_junit_result_with_two_errors_single_test_class()" classname="cisummarizer.JunitProblemCollectorTest" time="0.001"/>
  <testcase name="it_should_be_able_to_handle_dynamic_junit5_tests()" classname="cisummarizer.JunitProblemCollectorTest" time="0.002"/>
  <testcase name="it_should_be_able_to_handle_nested_junit5_tests()" classname="cisummarizer.JunitProblemCollectorTest" time="0.002"/>
  <system-out><![CDATA[]]></system-out>
  <system-err><![CDATA[]]></system-err>
</testsuite>
